Using pre-set license
Built from '2021.3/staging' branch; Version is '2021.3.6f1 (7da38d85baf6) revision 8233869'; Using compiler version '192829333'; Build Type 'Release'
OS: 'Windows 10  (10.0.19044) 64bit Core' Language: 'en' Physical Memory: 16118 MB
BatchMode: 1, IsHumanControllingUs: 0, StartBugReporterOnCrash: 0, Is64bit: 1, IsPro: 1

COMMAND LINE ARGUMENTS:
C:\Program Files\Unity\Hub\Editor\2021.3.6f1\Editor\Unity.exe
-adb2
-batchMode
-noUpm
-name
AssetImportWorker5
-projectPath
C:/Users/katja/UnityGames/Jams/GMTK_2022
-logFile
Logs/AssetImportWorker5.log
-srvPort
55831
Successfully changed project path to: C:/Users/katja/UnityGames/Jams/GMTK_2022
C:/Users/katja/UnityGames/Jams/GMTK_2022
[UnityMemory] Configuration Parameters - Can be set up in boot.config
    "memorysetup-bucket-allocator-granularity=16"
    "memorysetup-bucket-allocator-bucket-count=8"
    "memorysetup-bucket-allocator-block-size=33554432"
    "memorysetup-bucket-allocator-block-count=8"
    "memorysetup-main-allocator-block-size=16777216"
    "memorysetup-thread-allocator-block-size=16777216"
    "memorysetup-gfx-main-allocator-block-size=16777216"
    "memorysetup-gfx-thread-allocator-block-size=16777216"
    "memorysetup-cache-allocator-block-size=4194304"
    "memorysetup-typetree-allocator-block-size=2097152"
    "memorysetup-profiler-bucket-allocator-granularity=16"
    "memorysetup-profiler-bucket-allocator-bucket-count=8"
    "memorysetup-profiler-bucket-allocator-block-size=33554432"
    "memorysetup-profiler-bucket-allocator-block-count=8"
    "memorysetup-profiler-allocator-block-size=16777216"
    "memorysetup-profiler-editor-allocator-block-size=1048576"
    "memorysetup-temp-allocator-size-main=16777216"
    "memorysetup-job-temp-allocator-block-size=2097152"
    "memorysetup-job-temp-allocator-block-size-background=1048576"
    "memorysetup-job-temp-allocator-reduction-small-platforms=262144"
    "memorysetup-temp-allocator-size-background-worker=32768"
    "memorysetup-temp-allocator-size-job-worker=262144"
    "memorysetup-temp-allocator-size-preload-manager=33554432"
    "memorysetup-temp-allocator-size-nav-mesh-worker=65536"
    "memorysetup-temp-allocator-size-audio-worker=65536"
    "memorysetup-temp-allocator-size-cloud-worker=32768"
    "memorysetup-temp-allocator-size-gi-baking-worker=262144"
    "memorysetup-temp-allocator-size-gfx=262144"
Refreshing native plugins compatible for Editor in 456.50 ms, found 4 plugins.
Preloading 0 native plugins for Editor in 0.00 ms.
Initialize engine version: 2021.3.6f1 (7da38d85baf6)
[Subsystems] Discovering subsystems at path C:/Program Files/Unity/Hub/Editor/2021.3.6f1/Editor/Data/Resources/UnitySubsystems
[Subsystems] Discovering subsystems at path C:/Users/katja/UnityGames/Jams/GMTK_2022/Assets
GfxDevice: creating device client; threaded=0; jobified=0
Direct3D:
    Version:  Direct3D 11.0 [level 11.1]
    Renderer: Intel(R) Iris(R) Xe Graphics (ID=0x9a49)
    Vendor:   Intel
    VRAM:     8059 MB
    Driver:   27.20.100.9664
Initialize mono
Mono path[0] = 'C:/Program Files/Unity/Hub/Editor/2021.3.6f1/Editor/Data/Managed'
Mono path[1] = 'C:/Program Files/Unity/Hub/Editor/2021.3.6f1/Editor/Data/MonoBleedingEdge/lib/mono/unityjit-win32'
Mono config path = 'C:/Program Files/Unity/Hub/Editor/2021.3.6f1/Editor/Data/MonoBleedingEdge/etc'
Using monoOptions --debugger-agent=transport=dt_socket,embedding=1,server=y,suspend=n,address=127.0.0.1:56128
Begin MonoManager ReloadAssembly
Registering precompiled unity dll's ...
Register platform support module: C:/Program Files/Unity/Hub/Editor/2021.3.6f1/Editor/Data/PlaybackEngines/WebGLSupport/UnityEditor.WebGL.Extensions.dll
Register platform support module: C:/Program Files/Unity/Hub/Editor/2021.3.6f1/Editor/Data/PlaybackEngines/WindowsStandaloneSupport/UnityEditor.WindowsStandalone.Extensions.dll
Registered in 0.010747 seconds.
Native extension for WindowsStandalone target not found
Native extension for WebGL target not found
Refreshing native plugins compatible for Editor in 530.58 ms, found 4 plugins.
Preloading 0 native plugins for Editor in 0.00 ms.
Mono: successfully reloaded assembly
- Completed reload, in  1.809 seconds
Domain Reload Profiling:
	ReloadAssembly (1810ms)
		BeginReloadAssembly (170ms)
			ExecutionOrderSort (0ms)
			DisableScriptedObjects (0ms)
			BackupInstance (0ms)
			ReleaseScriptingObjects (0ms)
			CreateAndSetChildDomain (1ms)
		EndReloadAssembly (1401ms)
			LoadAssemblies (168ms)
			RebuildTransferFunctionScriptingTraits (0ms)
			SetupTypeCache (248ms)
			ReleaseScriptCaches (0ms)
			RebuildScriptCaches (58ms)
			SetupLoadedEditorAssemblies (957ms)
				LogAssemblyErrors (0ms)
				InitializePlatformSupportModulesInManaged (16ms)
				SetLoadedEditorAssemblies (1ms)
				RefreshPlugins (531ms)
				BeforeProcessingInitializeOnLoad (1ms)
				ProcessInitializeOnLoadAttributes (295ms)
				ProcessInitializeOnLoadMethodAttributes (113ms)
				AfterProcessingInitializeOnLoad (0ms)
				EditorAssembliesLoaded (0ms)
			ExecutionOrderSort2 (0ms)
			AwakeInstancesAfterBackupRestoration (0ms)
Platform modules already initialized, skipping
Registering precompiled user dll's ...
Registered in 0.018681 seconds.
Begin MonoManager ReloadAssembly
Symbol file LoadedFromMemory doesn't match image C:\Users\katja\UnityGames\Jams\GMTK_2022\Library\PackageCache\com.unity.visualscripting@1.7.8\Editor\VisualScripting.Core\Dependencies\YamlDotNet\Unity.VisualScripting.YamlDotNet.dll
Symbol file LoadedFromMemory doesn't match image C:\Users\katja\UnityGames\Jams\GMTK_2022\Library\PackageCache\com.unity.visualscripting@1.7.8\Editor\VisualScripting.Core\Dependencies\DotNetZip\Unity.VisualScripting.IonicZip.dll
Native extension for WindowsStandalone target not found
Native extension for WebGL target not found
Refreshing native plugins compatible for Editor in 649.36 ms, found 4 plugins.
Preloading 0 native plugins for Editor in 0.00 ms.
Mono: successfully reloaded assembly
- Completed reload, in  4.478 seconds
Domain Reload Profiling:
	ReloadAssembly (4480ms)
		BeginReloadAssembly (190ms)
			ExecutionOrderSort (0ms)
			DisableScriptedObjects (10ms)
			BackupInstance (0ms)
			ReleaseScriptingObjects (0ms)
			CreateAndSetChildDomain (30ms)
		EndReloadAssembly (4058ms)
			LoadAssemblies (128ms)
			RebuildTransferFunctionScriptingTraits (0ms)
			SetupTypeCache (438ms)
			ReleaseScriptCaches (1ms)
			RebuildScriptCaches (89ms)
			SetupLoadedEditorAssemblies (3268ms)
				LogAssemblyErrors (0ms)
				InitializePlatformSupportModulesInManaged (9ms)
				SetLoadedEditorAssemblies (0ms)
				RefreshPlugins (650ms)
				BeforeProcessingInitializeOnLoad (260ms)
				ProcessInitializeOnLoadAttributes (902ms)
				ProcessInitializeOnLoadMethodAttributes (1426ms)
				AfterProcessingInitializeOnLoad (20ms)
				EditorAssembliesLoaded (1ms)
			ExecutionOrderSort2 (0ms)
			AwakeInstancesAfterBackupRestoration (20ms)
Platform modules already initialized, skipping
========================================================================
Worker process is ready to serve import requests
Launched and connected shader compiler UnityShaderCompiler.exe after 0.11 seconds
Refreshing native plugins compatible for Editor in 3.85 ms, found 4 plugins.
Preloading 0 native plugins for Editor in 0.00 ms.
Unloading 4059 Unused Serialized files (Serialized files now loaded: 0)
Unloading 39 unused Assets / (86.0 KB). Loaded Objects now: 4514.
Memory consumption went from 165.8 MB to 165.7 MB.
Total: 4.949800 ms (FindLiveObjects: 0.315500 ms CreateObjectMapping: 0.227600 ms MarkObjects: 4.251400 ms  DeleteObjects: 0.153800 ms)

AssetImportParameters requested are different than current active one (requested -> active):
  custom:video-decoder-ogg-theora: a1e56fd34408186e4bbccfd4996cb3dc -> 
  custom:container-muxer-webm: aa71ff27fc2769a1b78a27578f13a17b -> 
  custom:container-demuxer-webm: 4f35f7cbe854078d1ac9338744f61a02 -> 
  custom:video-encoder-webm-vp8: eb34c28f22e8b96e1ab97ce403110664 -> 
  custom:audio-encoder-webm-vorbis: bf7c407c2cedff20999df2af8eb42d56 -> 
  custom:framework-win-MediaFoundation: 216162199b28c13a410421893ffa2e32 -> 
  custom:container-demuxer-ogg: 62fdf1f143b41e24485cea50d1cbac27 -> 
  custom:video-decoder-webm-vp8: 9c59270c3fd7afecdb556c50c9e8de78 -> 
  custom:audio-decoder-ogg-vorbis: bf7c407c2cedff20999df2af8eb42d56 -> 
========================================================================
Received Import Request.
  Time since last request: 564229.631097 seconds.
  path: Assets/free_assets/kenney_assets/2D_assets/UI Pixel Pack/Spritesheet/UIpackSheet_magenta.png
  artifactKey: Guid(1da1068053d50d041a96f65c2f51931d) Importer(815301076,1909f56bfc062723c751e8b465ee728b)
Start importing Assets/free_assets/kenney_assets/2D_assets/UI Pixel Pack/Spritesheet/UIpackSheet_magenta.png using Guid(1da1068053d50d041a96f65c2f51931d) Importer(815301076,1909f56bfc062723c751e8b465ee728b)  -> (artifact id: '2fee96c2cfde29aad5abb7471be9181b') in 0.236938 seconds 
========================================================================
Received Import Request.
  Time since last request: 26.601142 seconds.
  path: Assets/free_assets/kenney_assets/2D_assets/UI Space Pack/Sample.png
  artifactKey: Guid(bec54afb24fb9cb419007a95a23b9855) Importer(815301076,1909f56bfc062723c751e8b465ee728b)
Start importing Assets/free_assets/kenney_assets/2D_assets/UI Space Pack/Sample.png using Guid(bec54afb24fb9cb419007a95a23b9855) Importer(815301076,1909f56bfc062723c751e8b465ee728b)  -> (artifact id: '84239f91f2ec1d4d774971bfd82b1e33') in 0.091854 seconds 
========================================================================
Received Import Request.
  Time since last request: 45.659264 seconds.
  path: Assets/free_assets/kenney_assets/2D_assets/Background Elements/Sample.png
  artifactKey: Guid(39988ec9d41679949808d59003630c27) Importer(815301076,1909f56bfc062723c751e8b465ee728b)
Start importing Assets/free_assets/kenney_assets/2D_assets/Background Elements/Sample.png using Guid(39988ec9d41679949808d59003630c27) Importer(815301076,1909f56bfc062723c751e8b465ee728b)  -> (artifact id: '17a497ab86900b1de39128cc15ec76fa') in 0.071821 seconds 
========================================================================
Received Import Request.
  Time since last request: 332.200412 seconds.
  path: Assets/free_assets/kenney_assets/2D_assets/Boardgame Pack/Sample.png
  artifactKey: Guid(1ba6623a75e7a0840ae87a8fcffc7179) Importer(815301076,1909f56bfc062723c751e8b465ee728b)
Start importing Assets/free_assets/kenney_assets/2D_assets/Boardgame Pack/Sample.png using Guid(1ba6623a75e7a0840ae87a8fcffc7179) Importer(815301076,1909f56bfc062723c751e8b465ee728b)  -> (artifact id: '0b3bb97c78f2edfb29e509bff3b6ae1b') in 0.077088 seconds 
========================================================================
Received Import Request.
  Time since last request: 3.212568 seconds.
  path: Assets/free_assets/kenney_assets/2D_assets/Boardgame Pack/Spritesheets/diceRed.png
  artifactKey: Guid(d617e3364dc782d4fb0a5a0dff2fe377) Importer(815301076,1909f56bfc062723c751e8b465ee728b)
Start importing Assets/free_assets/kenney_assets/2D_assets/Boardgame Pack/Spritesheets/diceRed.png using Guid(d617e3364dc782d4fb0a5a0dff2fe377) Importer(815301076,1909f56bfc062723c751e8b465ee728b)  -> (artifact id: '0c43e6efafdf63d8379f4af22e7a09ee') in 0.031760 seconds 
========================================================================
Received Import Request.
  Time since last request: 0.000021 seconds.
  path: Assets/free_assets/kenney_assets/2D_assets/Boardgame Pack/Spritesheets/piecesPurple.png
  artifactKey: Guid(d8f769ae4a00c2b4da72eecf414aaba7) Importer(815301076,1909f56bfc062723c751e8b465ee728b)
Start importing Assets/free_assets/kenney_assets/2D_assets/Boardgame Pack/Spritesheets/piecesPurple.png using Guid(d8f769ae4a00c2b4da72eecf414aaba7) Importer(815301076,1909f56bfc062723c751e8b465ee728b)  -> (artifact id: '85046827b7ad51678ede5d3ccb4f9acc') in 0.044471 seconds 
========================================================================
Received Import Request.
  Time since last request: 0.000033 seconds.
  path: Assets/free_assets/kenney_assets/2D_assets/Boardgame Pack/Spritesheets/piecesYellow.png
  artifactKey: Guid(17f16a80377852e47ad6597a728286ba) Importer(815301076,1909f56bfc062723c751e8b465ee728b)
Start importing Assets/free_assets/kenney_assets/2D_assets/Boardgame Pack/Spritesheets/piecesYellow.png using Guid(17f16a80377852e47ad6597a728286ba) Importer(815301076,1909f56bfc062723c751e8b465ee728b)  -> (artifact id: '6953cee6647b818f5d5c44c7ff2ab3cf') in 0.055257 seconds 
========================================================================
Received Import Request.
  Time since last request: 0.000035 seconds.
  path: Assets/free_assets/kenney_assets/2D_assets/Boardgame Pack/Spritesheets/diceWhite.png
  artifactKey: Guid(15923d1304ee39b47b4a385d4907a780) Importer(815301076,1909f56bfc062723c751e8b465ee728b)
Start importing Assets/free_assets/kenney_assets/2D_assets/Boardgame Pack/Spritesheets/diceWhite.png using Guid(15923d1304ee39b47b4a385d4907a780) Importer(815301076,1909f56bfc062723c751e8b465ee728b)  -> (artifact id: 'f80afd4d133c0861231820a1473d37c0') in 0.037130 seconds 
========================================================================
Received Import Request.
  Time since last request: 0.000031 seconds.
  path: Assets/free_assets/kenney_assets/2D_assets/Boardgame Pack/Spritesheets/playingCards.png
  artifactKey: Guid(4eed13f211775b946a0484902348a1c5) Importer(815301076,1909f56bfc062723c751e8b465ee728b)
Start importing Assets/free_assets/kenney_assets/2D_assets/Boardgame Pack/Spritesheets/playingCards.png using Guid(4eed13f211775b946a0484902348a1c5) Importer(815301076,1909f56bfc062723c751e8b465ee728b)  -> (artifact id: 'bd01e0ee5cd631fa3b00941259fc8c3c') in 0.184474 seconds 
========================================================================
Received Import Request.
  Time since last request: 0.000045 seconds.
  path: Assets/free_assets/kenney_assets/2D_assets/Boardgame Pack/Spritesheets/piecesBlack.png
  artifactKey: Guid(8eac18a2a18d99d49b9136f618a75488) Importer(815301076,1909f56bfc062723c751e8b465ee728b)
Start importing Assets/free_assets/kenney_assets/2D_assets/Boardgame Pack/Spritesheets/piecesBlack.png using Guid(8eac18a2a18d99d49b9136f618a75488) Importer(815301076,1909f56bfc062723c751e8b465ee728b)  -> (artifact id: '5f50447b9a614734f013944b8866efcb') in 0.046443 seconds 
========================================================================
Received Import Request.
  Time since last request: 89.449350 seconds.
  path: Assets/free_assets/kenney_assets/2D_assets/Game Icons Expansion/Spritesheet/sheet_black2x.png
  artifactKey: Guid(e484501b6e914514397627aa670219ff) Importer(815301076,1909f56bfc062723c751e8b465ee728b)
Start importing Assets/free_assets/kenney_assets/2D_assets/Game Icons Expansion/Spritesheet/sheet_black2x.png using Guid(e484501b6e914514397627aa670219ff) Importer(815301076,1909f56bfc062723c751e8b465ee728b)  -> (artifact id: 'cb4bf3f35fc224e3ec09d4bc69ebdcc3') in 0.096231 seconds 
========================================================================
Received Import Request.
  Time since last request: 0.000030 seconds.
  path: Assets/free_assets/kenney_assets/2D_assets/Game Icons Expansion/Spritesheet/sheet_colored2x.png
  artifactKey: Guid(9c52430fef3e5e148a4d5cd7190351f5) Importer(815301076,1909f56bfc062723c751e8b465ee728b)
Start importing Assets/free_assets/kenney_assets/2D_assets/Game Icons Expansion/Spritesheet/sheet_colored2x.png using Guid(9c52430fef3e5e148a4d5cd7190351f5) Importer(815301076,1909f56bfc062723c751e8b465ee728b)  -> (artifact id: '06c062c5a8d2c4812fc5030dff567510') in 0.044935 seconds 
========================================================================
Received Import Request.
  Time since last request: 0.000036 seconds.
  path: Assets/free_assets/kenney_assets/2D_assets/Game Icons Expansion/Spritesheet/sheet_white1x.png
  artifactKey: Guid(fd98c54dbc6612643becad84ca0c0c20) Importer(815301076,1909f56bfc062723c751e8b465ee728b)
Start importing Assets/free_assets/kenney_assets/2D_assets/Game Icons Expansion/Spritesheet/sheet_white1x.png using Guid(fd98c54dbc6612643becad84ca0c0c20) Importer(815301076,1909f56bfc062723c751e8b465ee728b)  -> (artifact id: '06f52ff3f431d0d019d7474a391ddea8') in 0.061493 seconds 
========================================================================
Received Import Request.
  Time since last request: 55.086326 seconds.
  path: Assets/free_assets/kenney_assets/2D_assets/Hexagon Pack/Sample.png
  artifactKey: Guid(c28a4feeb69bef544a48c19113fc7c73) Importer(815301076,1909f56bfc062723c751e8b465ee728b)
Start importing Assets/free_assets/kenney_assets/2D_assets/Hexagon Pack/Sample.png using Guid(c28a4feeb69bef544a48c19113fc7c73) Importer(815301076,1909f56bfc062723c751e8b465ee728b)  -> (artifact id: '1f851a1752b8f82ae732f37af601f226') in 0.101260 seconds 
========================================================================
Received Import Request.
  Time since last request: 3.653875 seconds.
  path: Assets/free_assets/kenney_assets/2D_assets/Hexagon Pack/Spritesheets/hexagonBuildings_sheet.png
  artifactKey: Guid(1c2dd6b01d8eae548bad96d7fe6e16ae) Importer(815301076,1909f56bfc062723c751e8b465ee728b)
Start importing Assets/free_assets/kenney_assets/2D_assets/Hexagon Pack/Spritesheets/hexagonBuildings_sheet.png using Guid(1c2dd6b01d8eae548bad96d7fe6e16ae) Importer(815301076,1909f56bfc062723c751e8b465ee728b)  -> (artifact id: '7ae182b23a6d6bb13d3f7fd1598347fb') in 0.229233 seconds 
========================================================================
Received Import Request.
  Time since last request: 0.000034 seconds.
  path: Assets/free_assets/kenney_assets/2D_assets/Hexagon Pack/Spritesheets/hexagonTerrain_sheet.png
  artifactKey: Guid(3fb75da3b1d622942946f3496a45b0f2) Importer(815301076,1909f56bfc062723c751e8b465ee728b)
Start importing Assets/free_assets/kenney_assets/2D_assets/Hexagon Pack/Spritesheets/hexagonTerrain_sheet.png using Guid(3fb75da3b1d622942946f3496a45b0f2) Importer(815301076,1909f56bfc062723c751e8b465ee728b)  -> (artifact id: '7625b9775e7eaf2c2994cb4dd3bb4e45') in 0.237998 seconds 
========================================================================
Received Import Request.
  Time since last request: 39.008709 seconds.
  path: Assets/free_assets/kenney_assets/2D_assets/Generic Items/PNG/Colored/genericItem_color_002.png
  artifactKey: Guid(ffd714b2ee938df42b70e48b7a4e30fd) Importer(815301076,1909f56bfc062723c751e8b465ee728b)
Start importing Assets/free_assets/kenney_assets/2D_assets/Generic Items/PNG/Colored/genericItem_color_002.png using Guid(ffd714b2ee938df42b70e48b7a4e30fd) Importer(815301076,1909f56bfc062723c751e8b465ee728b)  -> (artifact id: 'c3734427a1ee2697ea00bb086b2be654') in 0.030738 seconds 
========================================================================
Received Import Request.
  Time since last request: 0.000029 seconds.
  path: Assets/free_assets/kenney_assets/2D_assets/Generic Items/PNG/Colored/genericItem_color_010.png
  artifactKey: Guid(d82244fd68dca8241ae1e6ca84112e30) Importer(815301076,1909f56bfc062723c751e8b465ee728b)
Start importing Assets/free_assets/kenney_assets/2D_assets/Generic Items/PNG/Colored/genericItem_color_010.png using Guid(d82244fd68dca8241ae1e6ca84112e30) Importer(815301076,1909f56bfc062723c751e8b465ee728b)  -> (artifact id: 'cca7167bb1d4c10ab75fee2f6afe1345') in 0.028647 seconds 
========================================================================
Received Import Request.
  Time since last request: 0.000035 seconds.
  path: Assets/free_assets/kenney_assets/2D_assets/Generic Items/PNG/Colored/genericItem_color_024.png
  artifactKey: Guid(84894f5644a5d504da71562f2be74023) Importer(815301076,1909f56bfc062723c751e8b465ee728b)
Start importing Assets/free_assets/kenney_assets/2D_assets/Generic Items/PNG/Colored/genericItem_color_024.png using Guid(84894f5644a5d504da71562f2be74023) Importer(815301076,1909f56bfc062723c751e8b465ee728b)  -> (artifact id: '86e2119d937612bef58072a12d0bc56d') in 0.028010 seconds 
========================================================================
Received Import Request.
  Time since last request: 0.000049 seconds.
  path: Assets/free_assets/kenney_assets/2D_assets/Generic Items/PNG/Colored/genericItem_color_013.png
  artifactKey: Guid(4edd6d6560708b14dbc55877c4040fe2) Importer(815301076,1909f56bfc062723c751e8b465ee728b)
Start importing Assets/free_assets/kenney_assets/2D_assets/Generic Items/PNG/Colored/genericItem_color_013.png using Guid(4edd6d6560708b14dbc55877c4040fe2) Importer(815301076,1909f56bfc062723c751e8b465ee728b)  -> (artifact id: '0ae2a7e9ddaf4b20b86c1c8c2ac4d10a') in 0.036493 seconds 
========================================================================
Received Import Request.
  Time since last request: 0.000030 seconds.
  path: Assets/free_assets/kenney_assets/2D_assets/Generic Items/PNG/Colored/genericItem_color_014.png
  artifactKey: Guid(0bb31ab9b7c2cf14db83f0474cc03785) Importer(815301076,1909f56bfc062723c751e8b465ee728b)
Start importing Assets/free_assets/kenney_assets/2D_assets/Generic Items/PNG/Colored/genericItem_color_014.png using Guid(0bb31ab9b7c2cf14db83f0474cc03785) Importer(815301076,1909f56bfc062723c751e8b465ee728b)  -> (artifact id: '602ef29fa0d05862f5d598af4ab0c95a') in 0.031598 seconds 
========================================================================
Received Import Request.
  Time since last request: 0.000032 seconds.
  path: Assets/free_assets/kenney_assets/2D_assets/Generic Items/PNG/Colored/genericItem_color_018.png
  artifactKey: Guid(093cc0dc68c38b34a9e30d9b7a1f0596) Importer(815301076,1909f56bfc062723c751e8b465ee728b)
Start importing Assets/free_assets/kenney_assets/2D_assets/Generic Items/PNG/Colored/genericItem_color_018.png using Guid(093cc0dc68c38b34a9e30d9b7a1f0596) Importer(815301076,1909f56bfc062723c751e8b465ee728b)  -> (artifact id: 'bbf402575eb2215d8dad9c65ca7bf7f4') in 0.040687 seconds 
========================================================================
Received Import Request.
  Time since last request: 0.000046 seconds.
  path: Assets/free_assets/kenney_assets/2D_assets/Generic Items/PNG/Colored/genericItem_color_004.png
  artifactKey: Guid(0b267d6c1e8709349910946464d49374) Importer(815301076,1909f56bfc062723c751e8b465ee728b)
Start importing Assets/free_assets/kenney_assets/2D_assets/Generic Items/PNG/Colored/genericItem_color_004.png using Guid(0b267d6c1e8709349910946464d49374) Importer(815301076,1909f56bfc062723c751e8b465ee728b)  -> (artifact id: 'c86b53d113668c25cf1ef11943c14639') in 0.039329 seconds 
========================================================================
Received Import Request.
  Time since last request: 0.000037 seconds.
  path: Assets/free_assets/kenney_assets/2D_assets/Generic Items/PNG/Colored/genericItem_color_006.png
  artifactKey: Guid(5d2051e791a068847a812417036a22da) Importer(815301076,1909f56bfc062723c751e8b465ee728b)
Start importing Assets/free_assets/kenney_assets/2D_assets/Generic Items/PNG/Colored/genericItem_color_006.png using Guid(5d2051e791a068847a812417036a22da) Importer(815301076,1909f56bfc062723c751e8b465ee728b)  -> (artifact id: '4ae75369a5691026db26eea695d84186') in 0.028374 seconds 
========================================================================
Received Import Request.
  Time since last request: 0.000036 seconds.
  path: Assets/free_assets/kenney_assets/2D_assets/Generic Items/PNG/Colored/genericItem_color_019.png
  artifactKey: Guid(ce5b25399d69baa439a35ab1df8edbc9) Importer(815301076,1909f56bfc062723c751e8b465ee728b)
Start importing Assets/free_assets/kenney_assets/2D_assets/Generic Items/PNG/Colored/genericItem_color_019.png using Guid(ce5b25399d69baa439a35ab1df8edbc9) Importer(815301076,1909f56bfc062723c751e8b465ee728b)  -> (artifact id: '132598cce915217eddedf35dc1b10457') in 0.027569 seconds 
========================================================================
Received Import Request.
  Time since last request: 0.000020 seconds.
  path: Assets/free_assets/kenney_assets/2D_assets/Generic Items/PNG/Colored/genericItem_color_005.png
  artifactKey: Guid(196c36e2947272648af73611eb495cc9) Importer(815301076,1909f56bfc062723c751e8b465ee728b)
Start importing Assets/free_assets/kenney_assets/2D_assets/Generic Items/PNG/Colored/genericItem_color_005.png using Guid(196c36e2947272648af73611eb495cc9) Importer(815301076,1909f56bfc062723c751e8b465ee728b)  -> (artifact id: 'e10e4a6483ce90f457835aaa2acb73dd') in 0.025091 seconds 
========================================================================
Received Import Request.
  Time since last request: 0.000045 seconds.
  path: Assets/free_assets/kenney_assets/2D_assets/Generic Items/PNG/Colored/genericItem_color_023.png
  artifactKey: Guid(b6396b5188dddc548b0216669e19fcd3) Importer(815301076,1909f56bfc062723c751e8b465ee728b)
Start importing Assets/free_assets/kenney_assets/2D_assets/Generic Items/PNG/Colored/genericItem_color_023.png using Guid(b6396b5188dddc548b0216669e19fcd3) Importer(815301076,1909f56bfc062723c751e8b465ee728b)  -> (artifact id: '696c6b62ef7afbc8f6575eb62606aed2') in 0.026681 seconds 
========================================================================
Received Import Request.
  Time since last request: 0.000048 seconds.
  path: Assets/free_assets/kenney_assets/2D_assets/Generic Items/PNG/Colored/genericItem_color_008.png
  artifactKey: Guid(fc176bb3b594503498dd2b7e8fdd7fee) Importer(815301076,1909f56bfc062723c751e8b465ee728b)
Start importing Assets/free_assets/kenney_assets/2D_assets/Generic Items/PNG/Colored/genericItem_color_008.png using Guid(fc176bb3b594503498dd2b7e8fdd7fee) Importer(815301076,1909f56bfc062723c751e8b465ee728b)  -> (artifact id: '4fe39aed003da64fdbe92a1a72ce250e') in 0.026402 seconds 
========================================================================
Received Import Request.
  Time since last request: 0.000028 seconds.
  path: Assets/free_assets/kenney_assets/2D_assets/Generic Items/PNG/Colored/genericItem_color_009.png
  artifactKey: Guid(6486e116dd009e74890749bb950c29ec) Importer(815301076,1909f56bfc062723c751e8b465ee728b)
Start importing Assets/free_assets/kenney_assets/2D_assets/Generic Items/PNG/Colored/genericItem_color_009.png using Guid(6486e116dd009e74890749bb950c29ec) Importer(815301076,1909f56bfc062723c751e8b465ee728b)  -> (artifact id: 'f7249474f89d9ecbaf8fd488c45ec0dd') in 0.029738 seconds 
========================================================================
Received Import Request.
  Time since last request: 0.131753 seconds.
  path: Assets/free_assets/kenney_assets/2D_assets/Generic Items/PNG/Colored/genericItem_color_027.png
  artifactKey: Guid(374011a340cf8554796da6b16e3c60fb) Importer(815301076,1909f56bfc062723c751e8b465ee728b)
Start importing Assets/free_assets/kenney_assets/2D_assets/Generic Items/PNG/Colored/genericItem_color_027.png using Guid(374011a340cf8554796da6b16e3c60fb) Importer(815301076,1909f56bfc062723c751e8b465ee728b)  -> (artifact id: 'bb4cf5959c5bbcb075165fd643832175') in 0.060843 seconds 
========================================================================
Received Import Request.
  Time since last request: 0.000041 seconds.
  path: Assets/free_assets/kenney_assets/2D_assets/Generic Items/PNG/Colored/genericItem_color_031.png
  artifactKey: Guid(faf2b715eaf4f64459eeefb14728bee3) Importer(815301076,1909f56bfc062723c751e8b465ee728b)
Start importing Assets/free_assets/kenney_assets/2D_assets/Generic Items/PNG/Colored/genericItem_color_031.png using Guid(faf2b715eaf4f64459eeefb14728bee3) Importer(815301076,1909f56bfc062723c751e8b465ee728b)  -> (artifact id: 'f2f89ae8422cf2892af9d8295353aca4') in 0.029027 seconds 
========================================================================
Received Import Request.
  Time since last request: 0.000063 seconds.
  path: Assets/free_assets/kenney_assets/2D_assets/Generic Items/PNG/Colored/genericItem_color_032.png
  artifactKey: Guid(e21229354f9d6984296e248b6b51aeda) Importer(815301076,1909f56bfc062723c751e8b465ee728b)
Start importing Assets/free_assets/kenney_assets/2D_assets/Generic Items/PNG/Colored/genericItem_color_032.png using Guid(e21229354f9d6984296e248b6b51aeda) Importer(815301076,1909f56bfc062723c751e8b465ee728b)  -> (artifact id: '69759fbac09fe42360da130fc253634f') in 0.032048 seconds 
========================================================================
Received Import Request.
  Time since last request: 0.000024 seconds.
  path: Assets/free_assets/kenney_assets/2D_assets/Generic Items/PNG/Colored/genericItem_color_037.png
  artifactKey: Guid(996f3da1791a5a9449f123f48e4dea47) Importer(815301076,1909f56bfc062723c751e8b465ee728b)
Start importing Assets/free_assets/kenney_assets/2D_assets/Generic Items/PNG/Colored/genericItem_color_037.png using Guid(996f3da1791a5a9449f123f48e4dea47) Importer(815301076,1909f56bfc062723c751e8b465ee728b)  -> (artifact id: '9f86f23feff73ea32b880ff8d644d441') in 0.031152 seconds 
========================================================================
Received Import Request.
  Time since last request: 0.000027 seconds.
  path: Assets/free_assets/kenney_assets/2D_assets/Generic Items/PNG/Colored/genericItem_color_049.png
  artifactKey: Guid(5558ee294bc09974786f982246e097fb) Importer(815301076,1909f56bfc062723c751e8b465ee728b)
Start importing Assets/free_assets/kenney_assets/2D_assets/Generic Items/PNG/Colored/genericItem_color_049.png using Guid(5558ee294bc09974786f982246e097fb) Importer(815301076,1909f56bfc062723c751e8b465ee728b)  -> (artifact id: '394e9b96d093c99c9a692eef104ed654') in 0.029522 seconds 
========================================================================
Received Import Request.
  Time since last request: 0.000053 seconds.
  path: Assets/free_assets/kenney_assets/2D_assets/Generic Items/PNG/Colored/genericItem_color_042.png
  artifactKey: Guid(b2c322901336be743b7f5a59c5fdc9eb) Importer(815301076,1909f56bfc062723c751e8b465ee728b)
Start importing Assets/free_assets/kenney_assets/2D_assets/Generic Items/PNG/Colored/genericItem_color_042.png using Guid(b2c322901336be743b7f5a59c5fdc9eb) Importer(815301076,1909f56bfc062723c751e8b465ee728b)  -> (artifact id: '934a8a94656b1c4ffca329cbb1b22d1a') in 0.029040 seconds 
========================================================================
Received Import Request.
  Time since last request: 0.000029 seconds.
  path: Assets/free_assets/kenney_assets/2D_assets/Generic Items/PNG/Colored/genericItem_color_044.png
  artifactKey: Guid(f2db16b2c3083514eac5a34c5b1181ee) Importer(815301076,1909f56bfc062723c751e8b465ee728b)
Start importing Assets/free_assets/kenney_assets/2D_assets/Generic Items/PNG/Colored/genericItem_color_044.png using Guid(f2db16b2c3083514eac5a34c5b1181ee) Importer(815301076,1909f56bfc062723c751e8b465ee728b)  -> (artifact id: 'f0df82068fea1794adad776c2b487436') in 0.023820 seconds 
========================================================================
Received Import Request.
  Time since last request: 0.000019 seconds.
  path: Assets/free_assets/kenney_assets/2D_assets/Generic Items/PNG/Colored/genericItem_color_036.png
  artifactKey: Guid(08e6d493e34bd7e4fb33c1e951ca9cd8) Importer(815301076,1909f56bfc062723c751e8b465ee728b)
Start importing Assets/free_assets/kenney_assets/2D_assets/Generic Items/PNG/Colored/genericItem_color_036.png using Guid(08e6d493e34bd7e4fb33c1e951ca9cd8) Importer(815301076,1909f56bfc062723c751e8b465ee728b)  -> (artifact id: 'eff8f6c9f5b66376993ca964a4f9b218') in 0.021229 seconds 
========================================================================
Received Import Request.
  Time since last request: 0.000026 seconds.
  path: Assets/free_assets/kenney_assets/2D_assets/Generic Items/PNG/Colored/genericItem_color_046.png
  artifactKey: Guid(94b9279cb91095c4b9dbc5ec384e2e0b) Importer(815301076,1909f56bfc062723c751e8b465ee728b)
Start importing Assets/free_assets/kenney_assets/2D_assets/Generic Items/PNG/Colored/genericItem_color_046.png using Guid(94b9279cb91095c4b9dbc5ec384e2e0b) Importer(815301076,1909f56bfc062723c751e8b465ee728b)  -> (artifact id: '3227ca6ee302343b860434705c2d091e') in 0.031045 seconds 
========================================================================
Received Import Request.
  Time since last request: 0.000034 seconds.
  path: Assets/free_assets/kenney_assets/2D_assets/Generic Items/PNG/Colored/genericItem_color_028.png
  artifactKey: Guid(bf7d09ba285031542bacc4ceddbda842) Importer(815301076,1909f56bfc062723c751e8b465ee728b)
Start importing Assets/free_assets/kenney_assets/2D_assets/Generic Items/PNG/Colored/genericItem_color_028.png using Guid(bf7d09ba285031542bacc4ceddbda842) Importer(815301076,1909f56bfc062723c751e8b465ee728b)  -> (artifact id: '44a69dd9a45a63eabf4393a90c9603c0') in 0.032068 seconds 
========================================================================
Received Import Request.
  Time since last request: 0.000023 seconds.
  path: Assets/free_assets/kenney_assets/2D_assets/Generic Items/PNG/Colored/genericItem_color_047.png
  artifactKey: Guid(fe913851ff8c16949a657829f1e79d22) Importer(815301076,1909f56bfc062723c751e8b465ee728b)
Start importing Assets/free_assets/kenney_assets/2D_assets/Generic Items/PNG/Colored/genericItem_color_047.png using Guid(fe913851ff8c16949a657829f1e79d22) Importer(815301076,1909f56bfc062723c751e8b465ee728b)  -> (artifact id: '2ca343be0a3eae9383a9d5d5490a41ac') in 0.034083 seconds 
========================================================================
Received Import Request.
  Time since last request: 0.000020 seconds.
  path: Assets/free_assets/kenney_assets/2D_assets/Generic Items/PNG/Colored/genericItem_color_029.png
  artifactKey: Guid(564360fdc6c87b64496095eb1d2fb581) Importer(815301076,1909f56bfc062723c751e8b465ee728b)
Start importing Assets/free_assets/kenney_assets/2D_assets/Generic Items/PNG/Colored/genericItem_color_029.png using Guid(564360fdc6c87b64496095eb1d2fb581) Importer(815301076,1909f56bfc062723c751e8b465ee728b)  -> (artifact id: 'feaf12a116f5ced38e42338a37f92e53') in 0.031170 seconds 
========================================================================
Received Import Request.
  Time since last request: 0.000038 seconds.
  path: Assets/free_assets/kenney_assets/2D_assets/Generic Items/PNG/Colored/genericItem_color_051.png
  artifactKey: Guid(d05d15c730b0149408304599bf5e6081) Importer(815301076,1909f56bfc062723c751e8b465ee728b)
Start importing Assets/free_assets/kenney_assets/2D_assets/Generic Items/PNG/Colored/genericItem_color_051.png using Guid(d05d15c730b0149408304599bf5e6081) Importer(815301076,1909f56bfc062723c751e8b465ee728b)  -> (artifact id: '7980ab787228756cea9b0e6642188811') in 0.029972 seconds 
========================================================================
Received Import Request.
  Time since last request: 0.000026 seconds.
  path: Assets/free_assets/kenney_assets/2D_assets/Generic Items/PNG/Colored/genericItem_color_070.png
  artifactKey: Guid(419d61664389e5d4f82e16bf6b83ad5d) Importer(815301076,1909f56bfc062723c751e8b465ee728b)
Start importing Assets/free_assets/kenney_assets/2D_assets/Generic Items/PNG/Colored/genericItem_color_070.png using Guid(419d61664389e5d4f82e16bf6b83ad5d) Importer(815301076,1909f56bfc062723c751e8b465ee728b)  -> (artifact id: '7b0651186d566d2068bf7319d21b4df0') in 0.026181 seconds 
========================================================================
Received Import Request.
  Time since last request: 0.000025 seconds.
  path: Assets/free_assets/kenney_assets/2D_assets/Generic Items/PNG/Colored/genericItem_color_064.png
  artifactKey: Guid(44e83e20860ede54586c6994fb474c7a) Importer(815301076,1909f56bfc062723c751e8b465ee728b)
Start importing Assets/free_assets/kenney_assets/2D_assets/Generic Items/PNG/Colored/genericItem_color_064.png using Guid(44e83e20860ede54586c6994fb474c7a) Importer(815301076,1909f56bfc062723c751e8b465ee728b)  -> (artifact id: '5efb1b62966f7f0206593e41fb9a6250') in 0.028402 seconds 
========================================================================
Received Import Request.
  Time since last request: 0.000023 seconds.
  path: Assets/free_assets/kenney_assets/2D_assets/Generic Items/PNG/Colored/genericItem_color_075.png
  artifactKey: Guid(e4d2b4ec3ad1a1f4ab47920540737fa2) Importer(815301076,1909f56bfc062723c751e8b465ee728b)
Start importing Assets/free_assets/kenney_assets/2D_assets/Generic Items/PNG/Colored/genericItem_color_075.png using Guid(e4d2b4ec3ad1a1f4ab47920540737fa2) Importer(815301076,1909f56bfc062723c751e8b465ee728b)  -> (artifact id: 'f51a7dc4bf496578260828fea392cf28') in 0.027189 seconds 
========================================================================
Received Import Request.
  Time since last request: 0.000050 seconds.
  path: Assets/free_assets/kenney_assets/2D_assets/Generic Items/PNG/Colored/genericItem_color_080.png
  artifactKey: Guid(e3c443b2d8c683745a14192799534970) Importer(815301076,1909f56bfc062723c751e8b465ee728b)
Start importing Assets/free_assets/kenney_assets/2D_assets/Generic Items/PNG/Colored/genericItem_color_080.png using Guid(e3c443b2d8c683745a14192799534970) Importer(815301076,1909f56bfc062723c751e8b465ee728b)  -> (artifact id: 'd66420504b527877e8f122d808c1ef9a') in 0.030714 seconds 
========================================================================
Received Import Request.
  Time since last request: 0.000043 seconds.
  path: Assets/free_assets/kenney_assets/2D_assets/Generic Items/PNG/Colored/genericItem_color_061.png
  artifactKey: Guid(bd653b6d98b3c9740a42b898d18c3332) Importer(815301076,1909f56bfc062723c751e8b465ee728b)
Start importing Assets/free_assets/kenney_assets/2D_assets/Generic Items/PNG/Colored/genericItem_color_061.png using Guid(bd653b6d98b3c9740a42b898d18c3332) Importer(815301076,1909f56bfc062723c751e8b465ee728b)  -> (artifact id: 'cfbc55276e632b2e81a7328cb2eb085f') in 0.027928 seconds 
========================================================================
Received Import Request.
  Time since last request: 0.000096 seconds.
  path: Assets/free_assets/kenney_assets/2D_assets/Generic Items/PNG/Colored/genericItem_color_077.png
  artifactKey: Guid(b8b1fd4a7d378134186bf31351421b8c) Importer(815301076,1909f56bfc062723c751e8b465ee728b)
Start importing Assets/free_assets/kenney_assets/2D_assets/Generic Items/PNG/Colored/genericItem_color_077.png using Guid(b8b1fd4a7d378134186bf31351421b8c) Importer(815301076,1909f56bfc062723c751e8b465ee728b)  -> (artifact id: '62952185928980a86435d2ff974d4385') in 0.036576 seconds 
========================================================================
Received Import Request.
  Time since last request: 0.000024 seconds.
  path: Assets/free_assets/kenney_assets/2D_assets/Generic Items/PNG/Colored/genericItem_color_081.png
  artifactKey: Guid(e686da574df49bd4583ae2233d767c74) Importer(815301076,1909f56bfc062723c751e8b465ee728b)
Start importing Assets/free_assets/kenney_assets/2D_assets/Generic Items/PNG/Colored/genericItem_color_081.png using Guid(e686da574df49bd4583ae2233d767c74) Importer(815301076,1909f56bfc062723c751e8b465ee728b)  -> (artifact id: '8d6c8d3587125237ff28479148e432fb') in 0.033354 seconds 
========================================================================
Received Import Request.
  Time since last request: 0.000031 seconds.
  path: Assets/free_assets/kenney_assets/2D_assets/Generic Items/PNG/Colored/genericItem_color_058.png
  artifactKey: Guid(dae6ba0bfb53a614ebd869e48d41bafb) Importer(815301076,1909f56bfc062723c751e8b465ee728b)
Start importing Assets/free_assets/kenney_assets/2D_assets/Generic Items/PNG/Colored/genericItem_color_058.png using Guid(dae6ba0bfb53a614ebd869e48d41bafb) Importer(815301076,1909f56bfc062723c751e8b465ee728b)  -> (artifact id: '6c56a9e8f4282a5af44b5ec8a240ed6b') in 0.031285 seconds 
========================================================================
Received Import Request.
  Time since last request: 0.000032 seconds.
  path: Assets/free_assets/kenney_assets/2D_assets/Generic Items/PNG/Colored/genericItem_color_065.png
  artifactKey: Guid(d433dae9ab0374b4a9d5ef4287ccf6f2) Importer(815301076,1909f56bfc062723c751e8b465ee728b)
Start importing Assets/free_assets/kenney_assets/2D_assets/Generic Items/PNG/Colored/genericItem_color_065.png using Guid(d433dae9ab0374b4a9d5ef4287ccf6f2) Importer(815301076,1909f56bfc062723c751e8b465ee728b)  -> (artifact id: '90e5b4eac6df113e61aa4a4379eb2c06') in 0.028660 seconds 
========================================================================
Received Import Request.
  Time since last request: 0.000042 seconds.
  path: Assets/free_assets/kenney_assets/2D_assets/Generic Items/PNG/Colored/genericItem_color_086.png
  artifactKey: Guid(20688ab08177f8f4399f0ae637fd79a3) Importer(815301076,1909f56bfc062723c751e8b465ee728b)
Start importing Assets/free_assets/kenney_assets/2D_assets/Generic Items/PNG/Colored/genericItem_color_086.png using Guid(20688ab08177f8f4399f0ae637fd79a3) Importer(815301076,1909f56bfc062723c751e8b465ee728b)  -> (artifact id: '18ef8f71cfed7a97a2eb397dacc4c93c') in 0.026531 seconds 
========================================================================
Received Import Request.
  Time since last request: 0.000030 seconds.
  path: Assets/free_assets/kenney_assets/2D_assets/Generic Items/PNG/Colored/genericItem_color_091.png
  artifactKey: Guid(9c98726600d33b4469f45b2c9da6860c) Importer(815301076,1909f56bfc062723c751e8b465ee728b)
Start importing Assets/free_assets/kenney_assets/2D_assets/Generic Items/PNG/Colored/genericItem_color_091.png using Guid(9c98726600d33b4469f45b2c9da6860c) Importer(815301076,1909f56bfc062723c751e8b465ee728b)  -> (artifact id: 'fa0990291ef1e26c745172990bb6c0c3') in 0.027687 seconds 
========================================================================
Received Import Request.
  Time since last request: 0.000021 seconds.
  path: Assets/free_assets/kenney_assets/2D_assets/Generic Items/PNG/Colored/genericItem_color_093.png
  artifactKey: Guid(98c17f1e8fbef2f40bcb5ad3b833ee18) Importer(815301076,1909f56bfc062723c751e8b465ee728b)
Start importing Assets/free_assets/kenney_assets/2D_assets/Generic Items/PNG/Colored/genericItem_color_093.png using Guid(98c17f1e8fbef2f40bcb5ad3b833ee18) Importer(815301076,1909f56bfc062723c751e8b465ee728b)  -> (artifact id: '079681a39902f0170f2db0939d500164') in 0.026203 seconds 
========================================================================
Received Import Request.
  Time since last request: 0.000022 seconds.
  path: Assets/free_assets/kenney_assets/2D_assets/Generic Items/PNG/Colored/genericItem_color_092.png
  artifactKey: Guid(97a35b340bc614640afcea5553e6807d) Importer(815301076,1909f56bfc062723c751e8b465ee728b)
Start importing Assets/free_assets/kenney_assets/2D_assets/Generic Items/PNG/Colored/genericItem_color_092.png using Guid(97a35b340bc614640afcea5553e6807d) Importer(815301076,1909f56bfc062723c751e8b465ee728b)  -> (artifact id: '0701466b2453ee22ca38dba17b9f8313') in 0.031961 seconds 
========================================================================
Received Import Request.
  Time since last request: 0.000024 seconds.
  path: Assets/free_assets/kenney_assets/2D_assets/Generic Items/PNG/Colored/genericItem_color_084.png
  artifactKey: Guid(75f21ed9e7134ad44a1e25a94bd390bb) Importer(815301076,1909f56bfc062723c751e8b465ee728b)
Start importing Assets/free_assets/kenney_assets/2D_assets/Generic Items/PNG/Colored/genericItem_color_084.png using Guid(75f21ed9e7134ad44a1e25a94bd390bb) Importer(815301076,1909f56bfc062723c751e8b465ee728b)  -> (artifact id: '2d8ba1a03b6d15fb8d3e0a5a11ab963f') in 0.037044 seconds 
========================================================================
Received Import Request.
  Time since last request: 0.000028 seconds.
  path: Assets/free_assets/kenney_assets/2D_assets/Generic Items/PNG/Colored/genericItem_color_105.png
  artifactKey: Guid(59910ab9b8045cd4b82e1b389567b570) Importer(815301076,1909f56bfc062723c751e8b465ee728b)
Start importing Assets/free_assets/kenney_assets/2D_assets/Generic Items/PNG/Colored/genericItem_color_105.png using Guid(59910ab9b8045cd4b82e1b389567b570) Importer(815301076,1909f56bfc062723c751e8b465ee728b)  -> (artifact id: 'fe3da9cf19e8604bb2d5784a306049bf') in 0.027364 seconds 
========================================================================
Received Import Request.
  Time since last request: 0.000027 seconds.
  path: Assets/free_assets/kenney_assets/2D_assets/Generic Items/PNG/Colored/genericItem_color_083.png
  artifactKey: Guid(9c1908ab09af53342b0c87bf6b63f882) Importer(815301076,1909f56bfc062723c751e8b465ee728b)
Start importing Assets/free_assets/kenney_assets/2D_assets/Generic Items/PNG/Colored/genericItem_color_083.png using Guid(9c1908ab09af53342b0c87bf6b63f882) Importer(815301076,1909f56bfc062723c751e8b465ee728b)  -> (artifact id: 'c78b8ef08264717140caaf78413c9dbf') in 0.028143 seconds 
========================================================================
Received Import Request.
  Time since last request: 0.000051 seconds.
  path: Assets/free_assets/kenney_assets/2D_assets/Generic Items/PNG/Colored/genericItem_color_076.png
  artifactKey: Guid(9bfcb9c114bf8514595b454ade3e9050) Importer(815301076,1909f56bfc062723c751e8b465ee728b)
Start importing Assets/free_assets/kenney_assets/2D_assets/Generic Items/PNG/Colored/genericItem_color_076.png using Guid(9bfcb9c114bf8514595b454ade3e9050) Importer(815301076,1909f56bfc062723c751e8b465ee728b)  -> (artifact id: 'd53d41703cfda83e56641a7d40a141a0') in 0.029150 seconds 
========================================================================
Received Import Request.
  Time since last request: 0.000029 seconds.
  path: Assets/free_assets/kenney_assets/2D_assets/Generic Items/PNG/Colored/genericItem_color_096.png
  artifactKey: Guid(f49bc25d1dd78764e86946fa7581ebd7) Importer(815301076,1909f56bfc062723c751e8b465ee728b)
Start importing Assets/free_assets/kenney_assets/2D_assets/Generic Items/PNG/Colored/genericItem_color_096.png using Guid(f49bc25d1dd78764e86946fa7581ebd7) Importer(815301076,1909f56bfc062723c751e8b465ee728b)  -> (artifact id: 'a6805f5baa99f27f5f77d8f6b3a98c22') in 0.031251 seconds 
========================================================================
Received Import Request.
  Time since last request: 0.000039 seconds.
  path: Assets/free_assets/kenney_assets/2D_assets/Generic Items/PNG/Colored/genericItem_color_098.png
  artifactKey: Guid(cf43dcc4c755480409b10c63df0ce436) Importer(815301076,1909f56bfc062723c751e8b465ee728b)
Start importing Assets/free_assets/kenney_assets/2D_assets/Generic Items/PNG/Colored/genericItem_color_098.png using Guid(cf43dcc4c755480409b10c63df0ce436) Importer(815301076,1909f56bfc062723c751e8b465ee728b)  -> (artifact id: '2bede5cd28d7c2ffcf1d779984f4ca2a') in 0.028138 seconds 
========================================================================
Received Import Request.
  Time since last request: 0.000020 seconds.
  path: Assets/free_assets/kenney_assets/2D_assets/Generic Items/PNG/Colored/genericItem_color_110.png
  artifactKey: Guid(78b49def6a27a1e49b44380bcdb705c0) Importer(815301076,1909f56bfc062723c751e8b465ee728b)
Start importing Assets/free_assets/kenney_assets/2D_assets/Generic Items/PNG/Colored/genericItem_color_110.png using Guid(78b49def6a27a1e49b44380bcdb705c0) Importer(815301076,1909f56bfc062723c751e8b465ee728b)  -> (artifact id: '140b4abec5abd4f4dffd38dbf4d1390a') in 0.028286 seconds 
========================================================================
Received Import Request.
  Time since last request: 0.000057 seconds.
  path: Assets/free_assets/kenney_assets/2D_assets/Generic Items/PNG/Colored/genericItem_color_118.png
  artifactKey: Guid(5695972675ed012489eded50e4f0849b) Importer(815301076,1909f56bfc062723c751e8b465ee728b)
Start importing Assets/free_assets/kenney_assets/2D_assets/Generic Items/PNG/Colored/genericItem_color_118.png using Guid(5695972675ed012489eded50e4f0849b) Importer(815301076,1909f56bfc062723c751e8b465ee728b)  -> (artifact id: '982899bc4344037f4f1c06f89f57332e') in 0.026314 seconds 
========================================================================
Received Import Request.
  Time since last request: 0.000024 seconds.
  path: Assets/free_assets/kenney_assets/2D_assets/Generic Items/PNG/Colored/genericItem_color_113.png
  artifactKey: Guid(ddc48311b000c544f827eff528db4fc4) Importer(815301076,1909f56bfc062723c751e8b465ee728b)
Start importing Assets/free_assets/kenney_assets/2D_assets/Generic Items/PNG/Colored/genericItem_color_113.png using Guid(ddc48311b000c544f827eff528db4fc4) Importer(815301076,1909f56bfc062723c751e8b465ee728b)  -> (artifact id: '26da78747eb6d890ae26e4dd71a73a35') in 0.026418 seconds 
========================================================================
Received Import Request.
  Time since last request: 0.000020 seconds.
  path: Assets/free_assets/kenney_assets/2D_assets/Generic Items/PNG/Colored/genericItem_color_114.png
  artifactKey: Guid(1e3c6e190eae7394cb470994337478b1) Importer(815301076,1909f56bfc062723c751e8b465ee728b)
Start importing Assets/free_assets/kenney_assets/2D_assets/Generic Items/PNG/Colored/genericItem_color_114.png using Guid(1e3c6e190eae7394cb470994337478b1) Importer(815301076,1909f56bfc062723c751e8b465ee728b)  -> (artifact id: '9c987ec6fdc882f79598d38d816d1288') in 0.031359 seconds 
========================================================================
Received Import Request.
  Time since last request: 0.000034 seconds.
  path: Assets/free_assets/kenney_assets/2D_assets/Generic Items/PNG/Colored/genericItem_color_128.png
  artifactKey: Guid(cc0102719d9c18040883b192a10ec9f2) Importer(815301076,1909f56bfc062723c751e8b465ee728b)
Start importing Assets/free_assets/kenney_assets/2D_assets/Generic Items/PNG/Colored/genericItem_color_128.png using Guid(cc0102719d9c18040883b192a10ec9f2) Importer(815301076,1909f56bfc062723c751e8b465ee728b)  -> (artifact id: '9abd08b8f73f3dda7ed0fc37f904c181') in 0.027999 seconds 
========================================================================
Received Import Request.
  Time since last request: 0.000037 seconds.
  path: Assets/free_assets/kenney_assets/2D_assets/Generic Items/PNG/Colored/genericItem_color_109.png
  artifactKey: Guid(9954310b923ae224da7d44bd5c06f252) Importer(815301076,1909f56bfc062723c751e8b465ee728b)
Start importing Assets/free_assets/kenney_assets/2D_assets/Generic Items/PNG/Colored/genericItem_color_109.png using Guid(9954310b923ae224da7d44bd5c06f252) Importer(815301076,1909f56bfc062723c751e8b465ee728b)  -> (artifact id: '5744a18bb81867bdfcc4861e14b462b7') in 0.030350 seconds 
========================================================================
Received Import Request.
  Time since last request: 0.000030 seconds.
  path: Assets/free_assets/kenney_assets/2D_assets/Generic Items/PNG/Colored/genericItem_color_117.png
  artifactKey: Guid(d397076a84ff2e24f824209595a9cd44) Importer(815301076,1909f56bfc062723c751e8b465ee728b)
Start importing Assets/free_assets/kenney_assets/2D_assets/Generic Items/PNG/Colored/genericItem_color_117.png using Guid(d397076a84ff2e24f824209595a9cd44) Importer(815301076,1909f56bfc062723c751e8b465ee728b)  -> (artifact id: 'c0f9f01e1d7457d2dea426d2bfa2a054') in 0.025747 seconds 
========================================================================
Received Import Request.
  Time since last request: 0.000026 seconds.
  path: Assets/free_assets/kenney_assets/2D_assets/Generic Items/PNG/Colored/genericItem_color_129.png
  artifactKey: Guid(e161eae96b1f0e949a8ff415da0fbbab) Importer(815301076,1909f56bfc062723c751e8b465ee728b)
Start importing Assets/free_assets/kenney_assets/2D_assets/Generic Items/PNG/Colored/genericItem_color_129.png using Guid(e161eae96b1f0e949a8ff415da0fbbab) Importer(815301076,1909f56bfc062723c751e8b465ee728b)  -> (artifact id: 'cd68d4a33685e6a6fdb2580a55172f8f') in 0.023690 seconds 
========================================================================
Received Import Request.
  Time since last request: 0.000030 seconds.
  path: Assets/free_assets/kenney_assets/2D_assets/Generic Items/PNG/Colored/genericItem_color_122.png
  artifactKey: Guid(d0253bfcce48e9a4a8b49666d015e52c) Importer(815301076,1909f56bfc062723c751e8b465ee728b)
Start importing Assets/free_assets/kenney_assets/2D_assets/Generic Items/PNG/Colored/genericItem_color_122.png using Guid(d0253bfcce48e9a4a8b49666d015e52c) Importer(815301076,1909f56bfc062723c751e8b465ee728b)  -> (artifact id: 'd95961c23f4b8998e058dd354f400064') in 0.026551 seconds 
========================================================================
Received Import Request.
  Time since last request: 0.000032 seconds.
  path: Assets/free_assets/kenney_assets/2D_assets/Generic Items/PNG/Colored/genericItem_color_107.png
  artifactKey: Guid(8298b4c2d3325c1419862eb1a06bdd6d) Importer(815301076,1909f56bfc062723c751e8b465ee728b)
Start importing Assets/free_assets/kenney_assets/2D_assets/Generic Items/PNG/Colored/genericItem_color_107.png using Guid(8298b4c2d3325c1419862eb1a06bdd6d) Importer(815301076,1909f56bfc062723c751e8b465ee728b)  -> (artifact id: 'a517b3bca9c3e074bb25a08847339a10') in 0.030784 seconds 
========================================================================
Received Import Request.
  Time since last request: 0.000051 seconds.
  path: Assets/free_assets/kenney_assets/2D_assets/Generic Items/PNG/Colored/genericItem_color_143.png
  artifactKey: Guid(db80440a8d8382b40b95ea3da5d17555) Importer(815301076,1909f56bfc062723c751e8b465ee728b)
Start importing Assets/free_assets/kenney_assets/2D_assets/Generic Items/PNG/Colored/genericItem_color_143.png using Guid(db80440a8d8382b40b95ea3da5d17555) Importer(815301076,1909f56bfc062723c751e8b465ee728b)  -> (artifact id: 'e4d47496ccda30f67461cc5cc9f69265') in 0.025537 seconds 
========================================================================
Received Import Request.
  Time since last request: 0.000044 seconds.
  path: Assets/free_assets/kenney_assets/2D_assets/Generic Items/PNG/Colored/genericItem_color_156.png
  artifactKey: Guid(8d23d069a124cb34ebeaa34debbb10b9) Importer(815301076,1909f56bfc062723c751e8b465ee728b)
Start importing Assets/free_assets/kenney_assets/2D_assets/Generic Items/PNG/Colored/genericItem_color_156.png using Guid(8d23d069a124cb34ebeaa34debbb10b9) Importer(815301076,1909f56bfc062723c751e8b465ee728b)  -> (artifact id: '93f08964e214f8c7b90b7868e19e8bb3') in 0.025223 seconds 
========================================================================
Received Import Request.
  Time since last request: 0.000033 seconds.
  path: Assets/free_assets/kenney_assets/2D_assets/Generic Items/PNG/Colored/genericItem_color_158.png
  artifactKey: Guid(e7b5471c1626ade42b111065d92a5489) Importer(815301076,1909f56bfc062723c751e8b465ee728b)
Start importing Assets/free_assets/kenney_assets/2D_assets/Generic Items/PNG/Colored/genericItem_color_158.png using Guid(e7b5471c1626ade42b111065d92a5489) Importer(815301076,1909f56bfc062723c751e8b465ee728b)  -> (artifact id: '89135e799100e81ad59d9b96a44dd407') in 0.029571 seconds 
========================================================================
Received Import Request.
  Time since last request: 0.000028 seconds.
  path: Assets/free_assets/kenney_assets/2D_assets/Generic Items/PNG/Colored/genericItem_color_160.png
  artifactKey: Guid(49906561606d53140a83bb9178dfd1da) Importer(815301076,1909f56bfc062723c751e8b465ee728b)
Start importing Assets/free_assets/kenney_assets/2D_assets/Generic Items/PNG/Colored/genericItem_color_160.png using Guid(49906561606d53140a83bb9178dfd1da) Importer(815301076,1909f56bfc062723c751e8b465ee728b)  -> (artifact id: '9c0b11d893613cb5c2b923cf47f11349') in 0.024837 seconds 
========================================================================
Received Import Request.
  Time since last request: 0.000023 seconds.
  path: Assets/free_assets/kenney_assets/2D_assets/Generic Items/PNG/Colored/genericItem_color_153.png
  artifactKey: Guid(7475e94712fa0194b80ede0e10525ac6) Importer(815301076,1909f56bfc062723c751e8b465ee728b)
Start importing Assets/free_assets/kenney_assets/2D_assets/Generic Items/PNG/Colored/genericItem_color_153.png using Guid(7475e94712fa0194b80ede0e10525ac6) Importer(815301076,1909f56bfc062723c751e8b465ee728b)  -> (artifact id: '1d1d63496833f714d6777aa8dfaf49ca') in 0.027750 seconds 
========================================================================
Received Import Request.
  Time since last request: 0.000045 seconds.
  path: Assets/free_assets/kenney_assets/2D_assets/Generic Items/PNG/Colored/genericItem_color_159.png
  artifactKey: Guid(8dc36499f685ed7438eaa5a9ac8a4ab6) Importer(815301076,1909f56bfc062723c751e8b465ee728b)
Start importing Assets/free_assets/kenney_assets/2D_assets/Generic Items/PNG/Colored/genericItem_color_159.png using Guid(8dc36499f685ed7438eaa5a9ac8a4ab6) Importer(815301076,1909f56bfc062723c751e8b465ee728b)  -> (artifact id: '772496527d10e720f503ce2299157586') in 0.030570 seconds 
========================================================================
Received Import Request.
  Time since last request: 0.000022 seconds.
  path: Assets/free_assets/kenney_assets/2D_assets/Generic Items/PNG/Colored/genericItem_color_144.png
  artifactKey: Guid(586e1e9af2cbe8045a9fb7f64f14417c) Importer(815301076,1909f56bfc062723c751e8b465ee728b)
Start importing Assets/free_assets/kenney_assets/2D_assets/Generic Items/PNG/Colored/genericItem_color_144.png using Guid(586e1e9af2cbe8045a9fb7f64f14417c) Importer(815301076,1909f56bfc062723c751e8b465ee728b)  -> (artifact id: '837469e134475101f3d51c79396b4579') in 0.024733 seconds 
========================================================================
Received Import Request.
  Time since last request: 0.000036 seconds.
  path: Assets/free_assets/kenney_assets/2D_assets/Generic Items/PNG/Colored/genericItem_color_112.png
  artifactKey: Guid(cf0283dfc1bd181419e68cc63da177d3) Importer(815301076,1909f56bfc062723c751e8b465ee728b)
Start importing Assets/free_assets/kenney_assets/2D_assets/Generic Items/PNG/Colored/genericItem_color_112.png using Guid(cf0283dfc1bd181419e68cc63da177d3) Importer(815301076,1909f56bfc062723c751e8b465ee728b)  -> (artifact id: '1cb3b53b688dad032b3700aeb741f9ea') in 0.023300 seconds 
========================================================================
Received Import Request.
  Time since last request: 0.000044 seconds.
  path: Assets/free_assets/kenney_assets/2D_assets/Generic Items/PNG/Colored/genericItem_color_102.png
  artifactKey: Guid(7651203f407d29e458fcaa6d88f44000) Importer(815301076,1909f56bfc062723c751e8b465ee728b)
Start importing Assets/free_assets/kenney_assets/2D_assets/Generic Items/PNG/Colored/genericItem_color_102.png using Guid(7651203f407d29e458fcaa6d88f44000) Importer(815301076,1909f56bfc062723c751e8b465ee728b)  -> (artifact id: '1a31ccc487123fd7cefaae820f8e5b30') in 0.025610 seconds 
========================================================================
Received Import Request.
  Time since last request: 0.000020 seconds.
  path: Assets/free_assets/kenney_assets/2D_assets/Generic Items/PNG/Colored/genericItem_color_103.png
  artifactKey: Guid(64d912f94aae1404f89d926557170c4c) Importer(815301076,1909f56bfc062723c751e8b465ee728b)
Start importing Assets/free_assets/kenney_assets/2D_assets/Generic Items/PNG/Colored/genericItem_color_103.png using Guid(64d912f94aae1404f89d926557170c4c) Importer(815301076,1909f56bfc062723c751e8b465ee728b)  -> (artifact id: '24e1f0418b87012ab0b04cfe6b1234c8') in 0.030579 seconds 
========================================================================
Received Import Request.
  Time since last request: 0.000019 seconds.
  path: Assets/free_assets/kenney_assets/2D_assets/Generic Items/PNG/Colored/genericItem_color_155.png
  artifactKey: Guid(8c104b163ebd8454baf83c419d78ae92) Importer(815301076,1909f56bfc062723c751e8b465ee728b)
Start importing Assets/free_assets/kenney_assets/2D_assets/Generic Items/PNG/Colored/genericItem_color_155.png using Guid(8c104b163ebd8454baf83c419d78ae92) Importer(815301076,1909f56bfc062723c751e8b465ee728b)  -> (artifact id: '77459783a5a4b4befc9032a4e5651ced') in 0.024828 seconds 
========================================================================
Received Import Request.
  Time since last request: 0.000036 seconds.
  path: Assets/free_assets/kenney_assets/2D_assets/Generic Items/PNG/Colored/genericItem_color_148.png
  artifactKey: Guid(c6c85e7b4d9547140a78fce00f4e23c1) Importer(815301076,1909f56bfc062723c751e8b465ee728b)
Start importing Assets/free_assets/kenney_assets/2D_assets/Generic Items/PNG/Colored/genericItem_color_148.png using Guid(c6c85e7b4d9547140a78fce00f4e23c1) Importer(815301076,1909f56bfc062723c751e8b465ee728b)  -> (artifact id: '636f048903e8109c554bed06a1655972') in 0.028928 seconds 
========================================================================
Received Import Request.
  Time since last request: 0.000028 seconds.
  path: Assets/free_assets/kenney_assets/2D_assets/Generic Items/PNG/Colored/genericItem_color_145.png
  artifactKey: Guid(f8d8069764a9ff741ac66b256aa8001b) Importer(815301076,1909f56bfc062723c751e8b465ee728b)
Start importing Assets/free_assets/kenney_assets/2D_assets/Generic Items/PNG/Colored/genericItem_color_145.png using Guid(f8d8069764a9ff741ac66b256aa8001b) Importer(815301076,1909f56bfc062723c751e8b465ee728b)  -> (artifact id: '2e43a0a0f6a555ca78e9e1d4bda7580e') in 0.030287 seconds 
========================================================================
Received Import Request.
  Time since last request: 0.000035 seconds.
  path: Assets/free_assets/kenney_assets/2D_assets/Generic Items/PNG/Colored/genericItem_color_134.png
  artifactKey: Guid(0b3fa20d2e24c5141a3014b8d5da4cdb) Importer(815301076,1909f56bfc062723c751e8b465ee728b)
Start importing Assets/free_assets/kenney_assets/2D_assets/Generic Items/PNG/Colored/genericItem_color_134.png using Guid(0b3fa20d2e24c5141a3014b8d5da4cdb) Importer(815301076,1909f56bfc062723c751e8b465ee728b)  -> (artifact id: 'e52275751456e53562a06f1fbd7f2e39') in 0.038049 seconds 
========================================================================
Received Import Request.
  Time since last request: 0.000051 seconds.
  path: Assets/free_assets/kenney_assets/2D_assets/Generic Items/PNG/Colored/genericItem_color_161.png
  artifactKey: Guid(2ca2e8de4e51afe4c862061aeec4397d) Importer(815301076,1909f56bfc062723c751e8b465ee728b)
Start importing Assets/free_assets/kenney_assets/2D_assets/Generic Items/PNG/Colored/genericItem_color_161.png using Guid(2ca2e8de4e51afe4c862061aeec4397d) Importer(815301076,1909f56bfc062723c751e8b465ee728b)  -> (artifact id: 'f951f263e21bcf9cc60254154a1e6b31') in 0.028731 seconds 
========================================================================
Received Import Request.
  Time since last request: 0.000042 seconds.
  path: Assets/free_assets/kenney_assets/2D_assets/Generic Items/PNG/Colored/genericItem_color_069.png
  artifactKey: Guid(44bf794e44c07e148bd5b57265c5d694) Importer(815301076,1909f56bfc062723c751e8b465ee728b)
Start importing Assets/free_assets/kenney_assets/2D_assets/Generic Items/PNG/Colored/genericItem_color_069.png using Guid(44bf794e44c07e148bd5b57265c5d694) Importer(815301076,1909f56bfc062723c751e8b465ee728b)  -> (artifact id: '63a3d146199d7e082fbac108fcdfb28a') in 0.029096 seconds 
========================================================================
Received Import Request.
  Time since last request: 0.000030 seconds.
  path: Assets/free_assets/kenney_assets/2D_assets/Generic Items/PNG/Colored/genericItem_color_132.png
  artifactKey: Guid(e522263e2b8c22a4f8bf2a443362021f) Importer(815301076,1909f56bfc062723c751e8b465ee728b)
Start importing Assets/free_assets/kenney_assets/2D_assets/Generic Items/PNG/Colored/genericItem_color_132.png using Guid(e522263e2b8c22a4f8bf2a443362021f) Importer(815301076,1909f56bfc062723c751e8b465ee728b)  -> (artifact id: 'fb9ab81e18c5c5693a55cf8944b390ac') in 0.031016 seconds 
========================================================================
Received Import Request.
  Time since last request: 0.000022 seconds.
  path: Assets/free_assets/kenney_assets/2D_assets/Generic Items/PNG/Colored/genericItem_color_085.png
  artifactKey: Guid(07db772551dd86640b4e8517e0e3f615) Importer(815301076,1909f56bfc062723c751e8b465ee728b)
Start importing Assets/free_assets/kenney_assets/2D_assets/Generic Items/PNG/Colored/genericItem_color_085.png using Guid(07db772551dd86640b4e8517e0e3f615) Importer(815301076,1909f56bfc062723c751e8b465ee728b)  -> (artifact id: 'a80ab802438ba6b65ce906aba3627366') in 0.029136 seconds 
========================================================================
Received Import Request.
  Time since last request: 0.000030 seconds.
  path: Assets/free_assets/kenney_assets/2D_assets/Generic Items/PNG/Colored/genericItem_color_162.png
  artifactKey: Guid(d1ff3c22e17361a4b8e01294d77d7dc1) Importer(815301076,1909f56bfc062723c751e8b465ee728b)
Start importing Assets/free_assets/kenney_assets/2D_assets/Generic Items/PNG/Colored/genericItem_color_162.png using Guid(d1ff3c22e17361a4b8e01294d77d7dc1) Importer(815301076,1909f56bfc062723c751e8b465ee728b)  -> (artifact id: 'dd1413d1976a61617d5193c162f9ddb4') in 0.031358 seconds 
========================================================================
Received Import Request.
  Time since last request: 0.000030 seconds.
  path: Assets/free_assets/kenney_assets/2D_assets/Generic Items/PNG/Colored/genericItem_color_055.png
  artifactKey: Guid(c12850d0a90ca834f95e965758fb06d2) Importer(815301076,1909f56bfc062723c751e8b465ee728b)
Start importing Assets/free_assets/kenney_assets/2D_assets/Generic Items/PNG/Colored/genericItem_color_055.png using Guid(c12850d0a90ca834f95e965758fb06d2) Importer(815301076,1909f56bfc062723c751e8b465ee728b)  -> (artifact id: '184549707c25aee22c10156509f7c82d') in 0.041676 seconds 
========================================================================
Received Import Request.
  Time since last request: 0.000031 seconds.
  path: Assets/free_assets/kenney_assets/2D_assets/Generic Items/PNG/Colored/genericItem_color_060.png
  artifactKey: Guid(3d067f66693190941858ff88dcce1a9c) Importer(815301076,1909f56bfc062723c751e8b465ee728b)
Start importing Assets/free_assets/kenney_assets/2D_assets/Generic Items/PNG/Colored/genericItem_color_060.png using Guid(3d067f66693190941858ff88dcce1a9c) Importer(815301076,1909f56bfc062723c751e8b465ee728b)  -> (artifact id: '6cf725859d876edc843bc15647074634') in 0.043706 seconds 
========================================================================
Received Import Request.
  Time since last request: 0.000041 seconds.
  path: Assets/free_assets/kenney_assets/2D_assets/Generic Items/PNG/Colored/genericItem_color_152.png
  artifactKey: Guid(6fa2bce7d04f7ba41981cba726ff9cdb) Importer(815301076,1909f56bfc062723c751e8b465ee728b)
Start importing Assets/free_assets/kenney_assets/2D_assets/Generic Items/PNG/Colored/genericItem_color_152.png using Guid(6fa2bce7d04f7ba41981cba726ff9cdb) Importer(815301076,1909f56bfc062723c751e8b465ee728b)  -> (artifact id: '8c5feb99bcb822473d6eea3af4972b2c') in 0.031749 seconds 
========================================================================
Received Import Request.
  Time since last request: 0.000024 seconds.
  path: Assets/free_assets/kenney_assets/2D_assets/Generic Items/PNG/Colored/genericItem_color_050.png
  artifactKey: Guid(643c59ae4b66d744088dac9d30e41d76) Importer(815301076,1909f56bfc062723c751e8b465ee728b)
Start importing Assets/free_assets/kenney_assets/2D_assets/Generic Items/PNG/Colored/genericItem_color_050.png using Guid(643c59ae4b66d744088dac9d30e41d76) Importer(815301076,1909f56bfc062723c751e8b465ee728b)  -> (artifact id: '3b070cc0992a27ed47c99ab95ec56841') in 0.028511 seconds 
========================================================================
Received Import Request.
  Time since last request: 0.000035 seconds.
  path: Assets/free_assets/kenney_assets/2D_assets/Generic Items/PNG/Colored/genericItem_color_059.png
  artifactKey: Guid(654e0788b0ba41748afb1e3eeff4cc29) Importer(815301076,1909f56bfc062723c751e8b465ee728b)
Start importing Assets/free_assets/kenney_assets/2D_assets/Generic Items/PNG/Colored/genericItem_color_059.png using Guid(654e0788b0ba41748afb1e3eeff4cc29) Importer(815301076,1909f56bfc062723c751e8b465ee728b)  -> (artifact id: 'db5eaf88771150ef10ca3b3a00ba9307') in 0.029035 seconds 
========================================================================
Received Import Request.
  Time since last request: 0.000028 seconds.
  path: Assets/free_assets/kenney_assets/2D_assets/Generic Items/PNG/Colored/genericItem_color_120.png
  artifactKey: Guid(ecfb330b7623a4a4f864feee60d865b8) Importer(815301076,1909f56bfc062723c751e8b465ee728b)
Start importing Assets/free_assets/kenney_assets/2D_assets/Generic Items/PNG/Colored/genericItem_color_120.png using Guid(ecfb330b7623a4a4f864feee60d865b8) Importer(815301076,1909f56bfc062723c751e8b465ee728b)  -> (artifact id: '093c560dabf2888a161d7bd653f5bc79') in 0.036332 seconds 
========================================================================
Received Import Request.
  Time since last request: 0.000043 seconds.
  path: Assets/free_assets/kenney_assets/2D_assets/Generic Items/PNG/Colored/genericItem_color_082.png
  artifactKey: Guid(7c5a8b66dca51d94dad37527ebf90d64) Importer(815301076,1909f56bfc062723c751e8b465ee728b)
Start importing Assets/free_assets/kenney_assets/2D_assets/Generic Items/PNG/Colored/genericItem_color_082.png using Guid(7c5a8b66dca51d94dad37527ebf90d64) Importer(815301076,1909f56bfc062723c751e8b465ee728b)  -> (artifact id: '627b549caf4d6b2a5d0c814b894f4b02') in 0.028877 seconds 
========================================================================
Received Import Request.
  Time since last request: 0.000031 seconds.
  path: Assets/free_assets/kenney_assets/2D_assets/Generic Items/PNG/Colored/genericItem_color_101.png
  artifactKey: Guid(cf6a496879baeb54ead49924899cbc04) Importer(815301076,1909f56bfc062723c751e8b465ee728b)
Start importing Assets/free_assets/kenney_assets/2D_assets/Generic Items/PNG/Colored/genericItem_color_101.png using Guid(cf6a496879baeb54ead49924899cbc04) Importer(815301076,1909f56bfc062723c751e8b465ee728b)  -> (artifact id: '62ee537ca8113d28c3a0f54cc40779a5') in 0.030702 seconds 
========================================================================
Received Import Request.
  Time since last request: 2.712304 seconds.
  path: Assets/free_assets/kenney_assets/2D_assets/Generic Items/Spritesheet/genericItems_spritesheet_white.png
  artifactKey: Guid(26d6aae75e58a1148b9c5aa79f1aa44e) Importer(815301076,1909f56bfc062723c751e8b465ee728b)
Start importing Assets/free_assets/kenney_assets/2D_assets/Generic Items/Spritesheet/genericItems_spritesheet_white.png using Guid(26d6aae75e58a1148b9c5aa79f1aa44e) Importer(815301076,1909f56bfc062723c751e8b465ee728b)  -> (artifact id: 'f30ac16d6b8920bd60db991b970c3d2f') in 0.205606 seconds 
========================================================================
Received Import Request.
  Time since last request: 65.677551 seconds.
  path: Assets/free_assets/kenney_assets/2D_assets/Platformer Assets Base/Sample.png
  artifactKey: Guid(bef2d9c78f6f95d4c9c6f053723463b4) Importer(815301076,1909f56bfc062723c751e8b465ee728b)
Start importing Assets/free_assets/kenney_assets/2D_assets/Platformer Assets Base/Sample.png using Guid(bef2d9c78f6f95d4c9c6f053723463b4) Importer(815301076,1909f56bfc062723c751e8b465ee728b)  -> (artifact id: 'f2adf9f931e182451d914dad189a7697') in 0.064431 seconds 
========================================================================
Received Import Request.
  Time since last request: 6.257794 seconds.
  path: Assets/free_assets/kenney_assets/2D_assets/Platformer Assets Base/Spritesheet/hud_sheet.png
  artifactKey: Guid(2db97c5cf29b3564abf7bba319084176) Importer(815301076,1909f56bfc062723c751e8b465ee728b)
Start importing Assets/free_assets/kenney_assets/2D_assets/Platformer Assets Base/Spritesheet/hud_sheet.png using Guid(2db97c5cf29b3564abf7bba319084176) Importer(815301076,1909f56bfc062723c751e8b465ee728b)  -> (artifact id: '6cde5ea4999a3413d92768033224dce4') in 0.054501 seconds 
========================================================================
Received Import Request.
  Time since last request: 0.000051 seconds.
  path: Assets/free_assets/kenney_assets/2D_assets/Platformer Assets Base/Spritesheet/items_sheet.png
  artifactKey: Guid(c6111242c2ad31a46adecd0e87ee542c) Importer(815301076,1909f56bfc062723c751e8b465ee728b)
Start importing Assets/free_assets/kenney_assets/2D_assets/Platformer Assets Base/Spritesheet/items_sheet.png using Guid(c6111242c2ad31a46adecd0e87ee542c) Importer(815301076,1909f56bfc062723c751e8b465ee728b)  -> (artifact id: '2f687781f1d7dc8c7fe58a8da60312b6') in 0.060176 seconds 
========================================================================
Received Import Request.
  Time since last request: 0.000034 seconds.
  path: Assets/free_assets/kenney_assets/2D_assets/Platformer Assets Base/Spritesheet/player_sheet.png
  artifactKey: Guid(a50e5f6dfaa6ea0498f77869f6fc8fb7) Importer(815301076,1909f56bfc062723c751e8b465ee728b)
Start importing Assets/free_assets/kenney_assets/2D_assets/Platformer Assets Base/Spritesheet/player_sheet.png using Guid(a50e5f6dfaa6ea0498f77869f6fc8fb7) Importer(815301076,1909f56bfc062723c751e8b465ee728b)  -> (artifact id: '4e7d44518ec7b11825e8870913fcfb21') in 0.070217 seconds 
